  Client.cpp
D:\FAX\4 Godina\7. SEMESTAR\(IKP) Industrijski komunikacioni protokoli u elektroenergetskim sistemima\MOJ PROJEKAT\IKP_Projekat_A15\IKP_Projekat\Client\Client.cpp(56,65): warning C4474: 'sprintf' : too many arguments passed for format string
D:\FAX\4 Godina\7. SEMESTAR\(IKP) Industrijski komunikacioni protokoli u elektroenergetskim sistemima\MOJ PROJEKAT\IKP_Projekat_A15\IKP_Projekat\Client\Client.cpp(56,65): message : placeholders and their parameters expect 1 variadic arguments, but 2 were provided
D:\FAX\4 Godina\7. SEMESTAR\(IKP) Industrijski komunikacioni protokoli u elektroenergetskim sistemima\MOJ PROJEKAT\IKP_Projekat_A15\IKP_Projekat\Client\Client.cpp(74,61): warning C4474: 'sprintf' : too many arguments passed for format string
D:\FAX\4 Godina\7. SEMESTAR\(IKP) Industrijski komunikacioni protokoli u elektroenergetskim sistemima\MOJ PROJEKAT\IKP_Projekat_A15\IKP_Projekat\Client\Client.cpp(74,61): message : placeholders and their parameters expect 1 variadic arguments, but 2 were provided
D:\FAX\4 Godina\7. SEMESTAR\(IKP) Industrijski komunikacioni protokoli u elektroenergetskim sistemima\MOJ PROJEKAT\IKP_Projekat_A15\IKP_Projekat\Client\Client.cpp(87,71): warning C4474: 'sprintf' : too many arguments passed for format string
D:\FAX\4 Godina\7. SEMESTAR\(IKP) Industrijski komunikacioni protokoli u elektroenergetskim sistemima\MOJ PROJEKAT\IKP_Projekat_A15\IKP_Projekat\Client\Client.cpp(87,71): message : placeholders and their parameters expect 1 variadic arguments, but 2 were provided
D:\FAX\4 Godina\7. SEMESTAR\(IKP) Industrijski komunikacioni protokoli u elektroenergetskim sistemima\MOJ PROJEKAT\IKP_Projekat_A15\IKP_Projekat\Client\Client.cpp(99,65): warning C4474: 'sprintf' : too many arguments passed for format string
D:\FAX\4 Godina\7. SEMESTAR\(IKP) Industrijski komunikacioni protokoli u elektroenergetskim sistemima\MOJ PROJEKAT\IKP_Projekat_A15\IKP_Projekat\Client\Client.cpp(99,65): message : placeholders and their parameters expect 1 variadic arguments, but 2 were provided
D:\FAX\4 Godina\7. SEMESTAR\(IKP) Industrijski komunikacioni protokoli u elektroenergetskim sistemima\MOJ PROJEKAT\IKP_Projekat_A15\IKP_Projekat\Client\Client.cpp(118,72): warning C4474: 'sprintf' : too many arguments passed for format string
D:\FAX\4 Godina\7. SEMESTAR\(IKP) Industrijski komunikacioni protokoli u elektroenergetskim sistemima\MOJ PROJEKAT\IKP_Projekat_A15\IKP_Projekat\Client\Client.cpp(118,72): message : placeholders and their parameters expect 1 variadic arguments, but 2 were provided
D:\FAX\4 Godina\7. SEMESTAR\(IKP) Industrijski komunikacioni protokoli u elektroenergetskim sistemima\MOJ PROJEKAT\IKP_Projekat_A15\IKP_Projekat\Client\Client.cpp(196,20): warning C4477: 'printf' : format string '%s' requires an argument of type 'char *', but variadic argument 1 has type 'int'
D:\FAX\4 Godina\7. SEMESTAR\(IKP) Industrijski komunikacioni protokoli u elektroenergetskim sistemima\MOJ PROJEKAT\IKP_Projekat_A15\IKP_Projekat\Client\Client.cpp(196,20): warning C4313: 'printf': '%s' in format string conflicts with argument 1 of type 'int'
D:\FAX\4 Godina\7. SEMESTAR\(IKP) Industrijski komunikacioni protokoli u elektroenergetskim sistemima\MOJ PROJEKAT\IKP_Projekat_A15\IKP_Projekat\Client\Client.cpp(213,131): warning C4474: 'sprintf' : too many arguments passed for format string
D:\FAX\4 Godina\7. SEMESTAR\(IKP) Industrijski komunikacioni protokoli u elektroenergetskim sistemima\MOJ PROJEKAT\IKP_Projekat_A15\IKP_Projekat\Client\Client.cpp(213,131): message : placeholders and their parameters expect 1 variadic arguments, but 2 were provided
  ClientFunctions.cpp
  Generating code
  Previous IPDB not found, fall back to full compilation.
  All 21 functions were compiled because no usable IPDB/IOBJ from previous compilation was found.
  Finished generating code
  Client.vcxproj -> D:\FAX\4 Godina\7. SEMESTAR\(IKP) Industrijski komunikacioni protokoli u elektroenergetskim sistemima\MOJ PROJEKAT\IKP_Projekat_A15\IKP_Projekat\x64\Release\Client.exe
